[10May2025 00:07:00.771] [Server thread/INFO] [net.minecraft.server.players.PlayerList/]: Teffqyy[/127.185.132.84:45693] logged in with entity id 8137 at (811.1370252262163, 67.0, -4821.456700835072)
[10May2025 00:07:00.784] [Server thread/INFO] [net.minecraft.server.MinecraftServer/]: Teffqyy joined the game
[10May2025 00:18:53.313] [Server thread/INFO] [net.minecraft.server.MinecraftServer/]: [Not Secure] <Teffqyy> aaa
[10May2025 00:19:34.792] [Server thread/INFO] [net.minecraft.server.MinecraftServer/]: [Not Secure] <Teffqyy> JAJAJAAJA
[10May2025 00:19:49.944] [Server thread/INFO] [net.minecraft.server.MinecraftServer/]: Teffqyy has fallen
[10May2025 00:19:56.766] [Server thread/INFO] [net.minecraft.server.MinecraftServer/]: [Not Secure] <Teffqyy> SE ESTA QUEMANDO AJJAJAJA
[10May2025 00:20:05.196] [Server thread/INFO] [net.minecraft.server.MinecraftServer/]: Teffqyy has been revived
[10May2025 00:20:35.712] [Server thread/INFO] [net.minecraft.server.MinecraftServer/]: [Not Secure] <Teffqyy> :v
[10May2025 00:20:53.000] [Server thread/INFO] [net.minecraft.server.MinecraftServer/]: [Not Secure] <Teffqyy> ohno
[10May2025 00:20:55.656] [Server thread/INFO] [net.minecraft.server.MinecraftServer/]: [Not Secure] <Teffqyy> ya vino mi pp
[10May2025 00:21:03.194] [Server thread/INFO] [net.minecraft.server.MinecraftServer/]: [Not Secure] <Teffqyy> no digan wbds
[10May2025 00:21:26.945] [Server thread/INFO] [net.minecraft.server.MinecraftServer/]: [Not Secure] <buenxs14> ella es blanca pero por el poto
[10May2025 00:21:47.133] [Server thread/INFO] [net.minecraft.server.MinecraftServer/]: Teffqyy has fallen
[10May2025 00:21:51.146] [Server thread/INFO] [net.minecraft.server.MinecraftServer/]: [Not Secure] <Teffqyy> ALEJANDRO
[10May2025 00:21:56.743] [Server thread/INFO] [net.minecraft.server.MinecraftServer/]: [Not Secure] <Teffqyy> NO
[10May2025 00:22:01.011] [Server thread/INFO] [net.minecraft.server.MinecraftServer/]: [Not Secure] <Teffqyy> no voy a bajar
[10May2025 00:22:05.702] [Server thread/INFO] [net.minecraft.server.MinecraftServer/]: [Not Secure] <Teffqyy> 10
[10May2025 00:22:18.990] [Server thread/INFO] [net.minecraft.server.MinecraftServer/]: Teffqyy has been revived
[10May2025 00:24:14.365] [Server thread/INFO] [net.minecraft.server.MinecraftServer/]: [Not Secure] <Teffqyy> deq
[10May2025 00:24:15.751] [Server thread/INFO] [net.minecraft.server.MinecraftServer/]: [Not Secure] <Teffqyy> qe
[10May2025 00:24:22.352] [Server thread/INFO] [net.minecraft.server.MinecraftServer/]: [Not Secure] <Itz_Jusebg_FpF> XD
[10May2025 00:26:24.109] [Server thread/INFO] [net.minecraft.server.MinecraftServer/]: [Not Secure] <Teffqyy> ven
[10May2025 00:27:04.142] [Server thread/INFO] [net.minecraft.server.MinecraftServer/]: [Not Secure] <Teffqyy> m cai xd
[10May2025 00:27:36.643] [Server thread/INFO] [net.minecraft.server.MinecraftServer/]: Teffqyy has fallen
[10May2025 00:27:40.349] [Server thread/INFO] [net.minecraft.server.MinecraftServer/]: [Not Secure] <Teffqyy> JAJSHJAHSAJAJJAJAJAJAJJAJAJA
[10May2025 00:27:50.392] [Server thread/INFO] [net.minecraft.server.MinecraftServer/]: [Not Secure] <Teffqyy> REVIVE
[10May2025 00:27:53.004] [Server thread/INFO] [net.minecraft.server.MinecraftServer/]: [Not Secure] <Teffqyy> ALTOQQQQQQQQQQQQ
[10May2025 00:27:54.688] [Server thread/INFO] [net.minecraft.server.MinecraftServer/]: [Not Secure] <Teffqyy> 10000
[10May2025 00:27:55.434] [Server thread/INFO] [net.minecraft.server.MinecraftServer/]: [Not Secure] <Teffqyy> 10
[10May2025 00:27:59.287] [Server thread/INFO] [net.minecraft.server.MinecraftServer/]: [Not Secure] <Teffqyy> AHDKSH AAAAAAAAAAAAAAAAAA
[10May2025 00:28:04.287] [Server thread/INFO] [net.minecraft.server.MinecraftServer/]: Teffqyy has been revived
[10May2025 00:28:10.183] [Server thread/INFO] [net.minecraft.server.MinecraftServer/]: Teffqyy has fallen
[10May2025 00:28:10.402] [Server thread/INFO] [net.minecraft.server.MinecraftServer/]: [Not Secure] <Teffqyy> se murio? KJAAJAJA
[10May2025 00:28:18.245] [Server thread/INFO] [net.minecraft.server.MinecraftServer/]: [Not Secure] <Teffqyy> tenia mas corazones
[10May2025 00:28:21.658] [Server thread/INFO] [net.minecraft.server.MinecraftServer/]: [Not Secure] <Teffqyy> JAJAJAJJAA
[10May2025 00:28:24.383] [Server thread/INFO] [net.minecraft.server.MinecraftServer/]: Teffqyy has been revived
[10May2025 00:30:01.017] [Server thread/INFO] [net.minecraft.server.MinecraftServer/]: [Not Secure] <Teffqyy> duerman
[10May2025 00:30:11.251] [Server thread/INFO] [net.minecraft.server.MinecraftServer/]: [Not Secure] <Teffqyy> estan los dragones
[10May2025 00:31:18.155] [Server thread/INFO] [net.minecraft.server.MinecraftServer/]: [Not Secure] <buenxs14> ah ya
[10May2025 00:31:24.554] [Server thread/INFO] [net.minecraft.server.MinecraftServer/]: [Not Secure] <buenxs14> ah ye
[10May2025 00:31:28.254] [Server thread/INFO] [net.minecraft.server.MinecraftServer/]: [Not Secure] <buenxs14> ah yi
[10May2025 00:31:31.505] [Server thread/INFO] [net.minecraft.server.MinecraftServer/]: [Not Secure] <buenxs14> ah yo
[10May2025 00:31:35.016] [Server thread/INFO] [net.minecraft.server.MinecraftServer/]: [Not Secure] <buenxs14> ah yu
[10May2025 00:31:39.357] [Server thread/INFO] [net.minecraft.server.MinecraftServer/]: [Not Secure] <buenxs14> alachucha
[10May2025 00:31:58.306] [Server thread/INFO] [net.minecraft.server.MinecraftServer/]: [Not Secure] <Teffqyy> no escuche
[10May2025 00:32:45.010] [Server thread/INFO] [net.minecraft.server.MinecraftServer/]: [Not Secure] <Teffqyy> en dnd estan
[10May2025 00:33:30.351] [Server thread/INFO] [net.minecraft.server.MinecraftServer/]: [Not Secure] <Teffqyy> dame
[10May2025 00:34:04.050] [Server thread/INFO] [net.minecraft.server.MinecraftServer/]: [Not Secure] <Teffqyy> ...
[10May2025 00:34:06.348] [Server thread/INFO] [net.minecraft.server.MinecraftServer/]: [Not Secure] <Teffqyy> DUERMAN
[10May2025 00:35:33.444] [Server thread/INFO] [net.minecraft.server.MinecraftServer/]: [Not Secure] <Teffqyy> como t disparo?
[10May2025 00:35:57.595] [Server thread/INFO] [net.minecraft.server.MinecraftServer/]: Teffqyy has fallen
[10May2025 00:36:02.292] [Server thread/INFO] [net.minecraft.server.MinecraftServer/]: Teffqyy has been revived
[10May2025 00:36:49.694] [Server thread/INFO] [net.minecraft.server.MinecraftServer/]: [Not Secure] <Teffqyy> pera q acomodo mi mochila
[10May2025 00:37:44.601] [Server thread/INFO] [net.minecraft.server.MinecraftServer/]: [Not Secure] <Teffqyy> t la doy?
[10May2025 00:37:49.992] [Server thread/INFO] [net.minecraft.server.MinecraftServer/]: [Not Secure] <Teffqyy> QUE
[10May2025 00:37:56.595] [Server thread/INFO] [net.minecraft.server.MinecraftServer/]: [Not Secure] <Teffqyy> y como abro la tuya?
[10May2025 00:38:25.909] [Server thread/INFO] [net.minecraft.server.MinecraftServer/]: [Not Secure] <Teffqyy> avr ponte una mochila
[10May2025 00:39:48.666] [Server thread/INFO] [net.minecraft.server.MinecraftServer/]: [Not Secure] <Teffqyy> mmm
[10May2025 00:39:51.147] [Server thread/INFO] [net.minecraft.server.MinecraftServer/]: [Not Secure] <Teffqyy> cualquiera
[10May2025 00:39:55.348] [Server thread/WARN] [net.minecraft.server.level.ServerPlayerGameMode/]: Mismatch in destroy block pos: BlockPos{x=-828, y=43, z=246} BlockPos{x=-828, y=42, z=246}
[10May2025 00:40:22.796] [Server thread/INFO] [net.minecraft.server.MinecraftServer/]: [Not Secure] <Teffqyy> escuche pornos XDDDDDDDDD
[10May2025 00:41:00.542] [Server thread/INFO] [net.minecraft.server.MinecraftServer/]: [Not Secure] <Teffqyy> no se usar yunques
[10May2025 00:41:06.044] [Server thread/WARN] [net.minecraft.server.level.ServerPlayerGameMode/]: Mismatch in destroy block pos: BlockPos{x=-828, y=42, z=240} BlockPos{x=-828, y=43, z=240}
[10May2025 00:41:21.104] [Server thread/INFO] [net.minecraft.server.MinecraftServer/]: [Not Secure] <Teffqyy> mira
[10May2025 00:41:40.549] [Server thread/INFO] [net.minecraft.server.MinecraftServer/]: [Not Secure] <Teffqyy> de nada
[10May2025 00:41:54.692] [Server thread/INFO] [net.minecraft.server.MinecraftServer/]: Teffqyy has fallen
[10May2025 00:41:57.345] [Server thread/INFO] [net.minecraft.server.MinecraftServer/]: [Not Secure] <Teffqyy> CHVR
[10May2025 00:42:03.393] [Server thread/INFO] [net.minecraft.server.MinecraftServer/]: [Not Secure] <Teffqyy> gracias
[10May2025 00:42:11.293] [Server thread/INFO] [net.minecraft.server.MinecraftServer/]: [Not Secure] <Teffqyy> afk un ratito, ire a comprar cn mi pp
[10May2025 00:42:12.541] [Server thread/INFO] [net.minecraft.server.MinecraftServer/]: [Not Secure] <Teffqyy> ...
[10May2025 00:42:23.701] [Server thread/INFO] [net.minecraft.server.MinecraftServer/]: Teffqyy has been revived
[10May2025 00:42:43.599] [Server thread/INFO] [net.minecraft.server.MinecraftServer/]: [Not Secure] <Teffqyy> yap afk
[10May2025 00:43:00.144] [Server thread/INFO] [net.minecraft.server.MinecraftServer/]: [Not Secure] <Teffqyy> caca d perro
[10May2025 00:43:05.243] [Server thread/INFO] [net.minecraft.server.MinecraftServer/]: [Not Secure] <Teffqyy> JAAJAJHSJASHJAJH
[10May2025 00:43:27.193] [Server thread/INFO] [net.minecraft.server.MinecraftServer/]: [Not Secure] <Teffqyy> yap, vuelvo en un ratito
[10May2025 00:45:45.882] [Server thread/WARN] [net.minecraft.server.MinecraftServer/]: Can't keep up! Is the server overloaded? Running 2013ms or 40 ticks behind
[10May2025 00:46:24.171] [Server thread/WARN] [net.minecraft.server.MinecraftServer/]: Can't keep up! Is the server overloaded? Running 2002ms or 40 ticks behind
[10May2025 00:46:41.900] [Server thread/WARN] [net.minecraft.server.MinecraftServer/]: Can't keep up! Is the server overloaded? Running 2732ms or 54 ticks behind
[10May2025 00:46:59.019] [Server thread/WARN] [net.minecraft.server.MinecraftServer/]: Can't keep up! Is the server overloaded? Running 2001ms or 40 ticks behind
[10May2025 00:47:37.419] [Server thread/WARN] [net.minecraft.server.MinecraftServer/]: Can't keep up! Is the server overloaded? Running 2001ms or 40 ticks behind
[10May2025 00:47:54.876] [Server thread/WARN] [net.minecraft.server.MinecraftServer/]: Can't keep up! Is the server overloaded? Running 2458ms or 49 ticks behind
[10May2025 00:48:13.404] [Server thread/WARN] [net.minecraft.server.MinecraftServer/]: Can't keep up! Is the server overloaded? Running 3535ms or 70 ticks behind
[10May2025 00:48:30.648] [Server thread/WARN] [net.minecraft.server.MinecraftServer/]: Can't keep up! Is the server overloaded? Running 2279ms or 45 ticks behind
[10May2025 00:48:49.383] [Server thread/WARN] [net.minecraft.server.MinecraftServer/]: Can't keep up! Is the server overloaded? Running 3764ms or 75 ticks behind
[10May2025 00:49:08.271] [Server thread/WARN] [net.minecraft.server.MinecraftServer/]: Can't keep up! Is the server overloaded? Running 2002ms or 40 ticks behind
[10May2025 00:50:05.626] [Server thread/WARN] [net.minecraft.server.MinecraftServer/]: Can't keep up! Is the server overloaded? Running 2008ms or 40 ticks behind
[10May2025 00:50:23.217] [Server thread/WARN] [net.minecraft.server.MinecraftServer/]: Can't keep up! Is the server overloaded? Running 2598ms or 51 ticks behind
[10May2025 00:50:45.121] [Server thread/WARN] [net.minecraft.server.MinecraftServer/]: Can't keep up! Is the server overloaded? Running 2002ms or 40 ticks behind
[10May2025 00:51:05.529] [Server thread/WARN] [net.minecraft.server.MinecraftServer/]: Can't keep up! Is the server overloaded? Running 2011ms or 40 ticks behind
[10May2025 00:51:23.500] [Server thread/WARN] [net.minecraft.server.MinecraftServer/]: Can't keep up! Is the server overloaded? Running 2981ms or 59 ticks behind
[10May2025 00:51:40.714] [Server thread/WARN] [net.minecraft.server.MinecraftServer/]: Can't keep up! Is the server overloaded? Running 2246ms or 44 ticks behind
[10May2025 00:51:58.871] [Server thread/WARN] [net.minecraft.server.MinecraftServer/]: Can't keep up! Is the server overloaded? Running 3203ms or 64 ticks behind
[10May2025 00:52:18.629] [Server thread/WARN] [net.minecraft.server.MinecraftServer/]: Can't keep up! Is the server overloaded? Running 2011ms or 40 ticks behind
[10May2025 00:52:36.070] [Server thread/WARN] [net.minecraft.server.MinecraftServer/]: Can't keep up! Is the server overloaded? Running 2002ms or 40 ticks behind
[10May2025 00:52:53.397] [Server thread/WARN] [net.minecraft.server.MinecraftServer/]: Can't keep up! Is the server overloaded? Running 2328ms or 46 ticks behind
[10May2025 00:53:10.429] [Server thread/WARN] [net.minecraft.server.MinecraftServer/]: Can't keep up! Is the server overloaded? Running 2060ms or 41 ticks behind
